<html>
<body>
<pre>
<h1>Vision Build Log</h1>
<h2>Project:</h2>
D:\嵌入式开发学习\20.Smart car\10.摇头避障小车\避障_1_改装垃圾代码\template.uvproj
Project File Date:  02/28/2024

<h2>Output:</h2>
Rebuild target 'Target 1'
assembling STARTUP.A51...
compiling main.c...
linking...
Program Size: data=21.0 xdata=0 code=1035
creating hex file from "build"...
"build" - 0 Error(s), 0 Warning(s).
Rebuild target 'Target 1'
assembling STARTUP.A51...
compiling main.c...
linking...
Program Size: data=21.0 xdata=0 code=1035
creating hex file from "build"...
"build" - 0 Error(s), 0 Warning(s).
Rebuild target 'Target 1'
assembling STARTUP.A51...
compiling main.c...
main.c(68): error C202: 'Trig': undefined identifier
main.c(69): error C202: 'Trig': undefined identifier
main.c(71): error C202: 'Trig': undefined identifier
main.c(97): error C202: 'D5': undefined identifier
main.c(98): error C202: 'D6': undefined identifier
main.c(103): error C202: 'D5': undefined identifier
main.c(104): error C202: 'D6': undefined identifier
compiling hc04.c...
hc04.c(42): warning C206: 'Delay30ms': missing function-prototype
hc04.c(43): warning C206: 'startHC': missing function-prototype
Target not created
Rebuild target 'Target 1'
assembling STARTUP.A51...
compiling main.c...
main.c(69): error C202: 'Trig': undefined identifier
main.c(70): error C202: 'Trig': undefined identifier
main.c(72): error C202: 'Trig': undefined identifier
compiling hc04.c...
hc04.c(41): warning C206: 'Delay30ms': missing function-prototype
hc04.c(42): warning C206: 'startHC': missing function-prototype
Target not created
Rebuild target 'Target 1'
assembling STARTUP.A51...
compiling main.c...
main.c(68): error C202: 'Trig': undefined identifier
main.c(69): error C202: 'Trig': undefined identifier
main.c(71): error C202: 'Trig': undefined identifier
main.c(97): error C202: 'D5': undefined identifier
main.c(98): error C202: 'D6': undefined identifier
main.c(103): error C202: 'D5': undefined identifier
main.c(104): error C202: 'D6': undefined identifier
compiling hc04.c...
hc04.c(42): warning C206: 'Delay30ms': missing function-prototype
hc04.c(43): warning C206: 'startHC': missing function-prototype
Target not created
Rebuild target 'Target 1'
assembling STARTUP.A51...
compiling main.c...
main.c(138): warning C206: 'Time0Init': missing function-prototype
compiling hc04.c...
hc04.c(42): warning C206: 'Delay30ms': missing function-prototype
hc04.c(43): warning C206: 'startHC': missing function-prototype
linking...
Program Size: data=21.0 xdata=0 code=1035
creating hex file from "build"...
"build" - 0 Error(s), 3 Warning(s).
Rebuild target 'Target 1'
assembling STARTUP.A51...
compiling main.c...
main.c(74): warning C206: 'Time0Init': missing function-prototype
compiling hc04.c...
hc04.c(42): warning C206: 'Delay30ms': missing function-prototype
hc04.c(43): warning C206: 'startHC': missing function-prototype
compiling delay.c...
delay.c(7): warning C206: '_nop_': missing function-prototype
delay.c(7): error C264: intrinsic '_nop_': declaration/activation error
Target not created
Rebuild target 'Target 1'
assembling STARTUP.A51...
compiling main.c...
main.c(74): warning C206: 'Time0Init': missing function-prototype
compiling hc04.c...
hc04.c(42): warning C206: 'Delay30ms': missing function-prototype
hc04.c(43): warning C206: 'startHC': missing function-prototype
compiling delay.c...
linking...
Program Size: data=21.0 xdata=0 code=1035
creating hex file from "build"...
"build" - 0 Error(s), 3 Warning(s).
Rebuild target 'Target 1'
assembling STARTUP.A51...
compiling main.c...
main.c(59): warning C206: 'Time0Init': missing function-prototype
compiling hc04.c...
hc04.c(40): warning C206: 'Delay10us': missing function-prototype
hc04.c(53): warning C206: 'Delay30ms': missing function-prototype
compiling delay.c...
linking...
Program Size: data=21.0 xdata=0 code=1035
creating hex file from "build"...
"build" - 0 Error(s), 3 Warning(s).
Rebuild target 'Target 1'
assembling STARTUP.A51...
compiling main.c...
main.c(59): warning C206: 'Time0Init': missing function-prototype
compiling hc04.c...
hc04.c(40): warning C206: 'Delay10us': missing function-prototype
hc04.c(53): warning C206: 'Delay30ms': missing function-prototype
hc04.c(70): error C202: 'cnt': undefined identifier
hc04.c(77): error C202: 'cnt': undefined identifier
hc04.c(78): error C202: 'sg90_con': undefined identifier
hc04.c(80): error C202: 'sg90_con': undefined identifier
hc04.c(83): error C202: 'cnt': undefined identifier
hc04.c(84): error C202: 'cnt': undefined identifier
hc04.c(85): error C202: 'sg90_con': undefined identifier
compiling delay.c...
Target not created
Rebuild target 'Target 1'
assembling STARTUP.A51...
compiling main.c...
main.c(59): warning C206: 'Time0Init': missing function-prototype
compiling hc04.c...
hc04.c(40): warning C206: 'Delay10us': missing function-prototype
hc04.c(53): warning C206: 'Delay30ms': missing function-prototype
compiling delay.c...
linking...
Program Size: data=21.0 xdata=0 code=1035
creating hex file from "build"...
"build" - 0 Error(s), 3 Warning(s).
Rebuild target 'Target 1'
assembling STARTUP.A51...
compiling main.c...
compiling hc04.c...
hc04.c(40): warning C206: 'Delay10us': missing function-prototype
hc04.c(53): warning C206: 'Delay30ms': missing function-prototype
compiling delay.c...
linking...
Program Size: data=21.0 xdata=0 code=1035
creating hex file from "build"...
"build" - 0 Error(s), 2 Warning(s).
Rebuild target 'Target 1'
assembling STARTUP.A51...
compiling main.c...
main.c(21): warning C206: 'initSG90_0': missing function-prototype
main.c(31): warning C206: 'openStatusLight': missing function-prototype
main.c(32): warning C206: 'openBin': missing function-prototype
main.c(36): warning C206: 'closeStatusLight': missing function-prototype
main.c(37): warning C206: 'closeBin': missing function-prototype
compiling hc04.c...
hc04.c(24): warning C206: 'Delay10us': missing function-prototype
hc04.c(37): warning C206: 'Delay30ms': missing function-prototype
compiling delay.c...
compiling sg90.c...
sg90.c(3): error C202: 'P3': undefined identifier
sg90.c(4): error C202: 'P3': undefined identifier
sg90.c(5): error C202: 'P1': undefined identifier
sg90.c(14): error C202: 'TMOD': undefined identifier
sg90.c(15): error C202: 'TMOD': undefined identifier
sg90.c(17): error C202: 'TL0': undefined identifier
sg90.c(18): error C202: 'TH0': undefined identifier
sg90.c(20): error C202: 'TR0': undefined identifier
sg90.c(21): error C202: 'TF0': undefined identifier
sg90.c(23): error C202: 'ET0': undefined identifier
sg90.c(25): error C202: 'EA': undefined identifier
sg90.c(33): error C202: 'sg90_con': undefined identifier
sg90.c(39): error C202: 'D5': undefined identifier
sg90.c(40): error C202: 'D6': undefined identifier
sg90.c(45): error C202: 'D5': undefined identifier
sg90.c(46): error C202: 'D6': undefined identifier
Target not created
Rebuild target 'Target 1'
assembling STARTUP.A51...
compiling main.c...
compiling hc04.c...
hc04.c(24): warning C206: 'Delay10us': missing function-prototype
hc04.c(37): warning C206: 'Delay30ms': missing function-prototype
compiling delay.c...
compiling sg90.c...
sg90.c(3): error C202: 'P3': undefined identifier
sg90.c(4): error C202: 'P3': undefined identifier
sg90.c(5): error C202: 'P1': undefined identifier
sg90.c(14): error C202: 'TMOD': undefined identifier
sg90.c(15): error C202: 'TMOD': undefined identifier
sg90.c(17): error C202: 'TL0': undefined identifier
sg90.c(18): error C202: 'TH0': undefined identifier
sg90.c(20): error C202: 'TR0': undefined identifier
sg90.c(21): error C202: 'TF0': undefined identifier
sg90.c(23): error C202: 'ET0': undefined identifier
sg90.c(25): error C202: 'EA': undefined identifier
sg90.c(33): error C202: 'sg90_con': undefined identifier
sg90.c(39): error C202: 'D5': undefined identifier
sg90.c(40): error C202: 'D6': undefined identifier
sg90.c(45): error C202: 'D5': undefined identifier
sg90.c(46): error C202: 'D6': undefined identifier
Target not created
Rebuild target 'Target 1'
assembling STARTUP.A51...
compiling main.c...
compiling hc04.c...
hc04.c(24): warning C206: 'Delay10us': missing function-prototype
hc04.c(37): warning C206: 'Delay30ms': missing function-prototype
compiling delay.c...
compiling sg90.c...
sg90.c(56): warning C206: 'Delay2000ms': missing function-prototype
sg90.c(63): warning C206: 'Delay150ms': missing function-prototype
linking...
*** ERROR L104: MULTIPLE PUBLIC DEFINITIONS
    SYMBOL:  CNT
    MODULE:  sg90.obj (SG90)
*** ERROR L104: MULTIPLE PUBLIC DEFINITIONS
    SYMBOL:  ANGLE
    MODULE:  sg90.obj (SG90)
Program Size: data=25.0 xdata=0 code=1039
Target not created
Rebuild target 'Target 1'
assembling STARTUP.A51...
compiling main.c...
compiling hc04.c...
compiling delay.c...
compiling sg90.c...
sg90.c(56): warning C206: 'Delay2000ms': missing function-prototype
sg90.c(63): warning C206: 'Delay150ms': missing function-prototype
linking...
*** ERROR L104: MULTIPLE PUBLIC DEFINITIONS
    SYMBOL:  CNT
    MODULE:  sg90.obj (SG90)
*** ERROR L104: MULTIPLE PUBLIC DEFINITIONS
    SYMBOL:  ANGLE
    MODULE:  sg90.obj (SG90)
Program Size: data=25.0 xdata=0 code=1039
Target not created
Rebuild target 'Target 1'
assembling STARTUP.A51...
compiling main.c...
compiling hc04.c...
compiling delay.c...
compiling sg90.c...
sg90.c(56): warning C206: 'Delay2000ms': missing function-prototype
sg90.c(63): warning C206: 'Delay150ms': missing function-prototype
linking...
Program Size: data=21.0 xdata=0 code=1035
creating hex file from "build"...
"build" - 0 Error(s), 2 Warning(s).
Rebuild target 'Target 1'
assembling STARTUP.A51...
compiling main.c...
compiling hc04.c...
compiling delay.c...
compiling sg90.c...
sg90.c(56): warning C206: 'Delay2000ms': missing function-prototype
sg90.c(63): warning C206: 'Delay150ms': missing function-prototype
linking...
Program Size: data=21.0 xdata=0 code=1035
creating hex file from "build"...
"build" - 0 Error(s), 2 Warning(s).
Rebuild target 'Target 1'
assembling STARTUP.A51...
compiling main.c...
compiling hc04.c...
compiling delay.c...
compiling sg90.c...
sg90.c(56): warning C206: 'Delay2000ms': missing function-prototype
sg90.c(63): warning C206: 'Delay150ms': missing function-prototype
linking...
Program Size: data=21.0 xdata=0 code=1029
creating hex file from "build"...
"build" - 0 Error(s), 2 Warning(s).
Rebuild target 'Target 1'
assembling STARTUP.A51...
compiling main.c...
compiling hc04.c...
compiling delay.c...
compiling sg90.c...
sg90.c(56): warning C206: 'Delay2000ms': missing function-prototype
sg90.c(63): warning C206: 'Delay150ms': missing function-prototype
linking...
Program Size: data=21.0 xdata=0 code=1029
creating hex file from "build"...
"build" - 0 Error(s), 2 Warning(s).
Rebuild target 'Target 1'
assembling STARTUP.A51...
compiling main.c...
compiling hc04.c...
compiling delay.c...
compiling sg90.c...
linking...
Program Size: data=21.0 xdata=0 code=1029
creating hex file from "build"...
"build" - 0 Error(s), 0 Warning(s).
Rebuild target 'Target 1'
assembling STARTUP.A51...
compiling main.c...
compiling hc04.c...
compiling delay.c...
compiling sg90.c...
linking...
Program Size: data=21.0 xdata=0 code=1029
creating hex file from "build"...
"build" - 0 Error(s), 0 Warning(s).
Rebuild target 'Target 1'
assembling STARTUP.A51...
compiling main.c...
compiling hc04.c...
compiling delay.c...
compiling sg90.c...
linking...
Program Size: data=21.0 xdata=0 code=1029
creating hex file from "build"...
"build" - 0 Error(s), 0 Warning(s).
