<html>
<body>
<pre>
<h1>Vision Build Log</h1>
<h2>Project:</h2>
D:\Z Embedded System\20.Smart car\15.语音识别切换小车循迹并跟随oled显示\template.uvproj
Project File Date:  03/14/2024

<h2>Output:</h2>
Rebuild target 'Target 1'
assembling STARTUP.A51...
compiling main.c...
main.c(20): error C129: missing ';' before 'double'
compiling hc04.c...
compiling delay.c...
compiling sg90.c...
compiling motor.c...
Target not created
Rebuild target 'Target 1'
assembling STARTUP.A51...
compiling main.c...
main.c(25): error C136: 'xunjiMode': 'void' on variable
main.c(25): error C129: missing ';' before '{'
compiling hc04.c...
compiling delay.c...
compiling sg90.c...
compiling motor.c...
Target not created
Rebuild target 'Target 1'
assembling STARTUP.A51...
compiling main.c...
main.c(27): error C202: 'leftSpeed': undefined identifier
main.c(28): error C202: 'rightSpeed': undefined identifier
main.c(34): error C202: 'leftSpeed': undefined identifier
main.c(35): error C202: 'rightSpeed': undefined identifier
main.c(40): error C202: 'rightSpeed': undefined identifier
main.c(41): error C202: 'leftSpeed': undefined identifier
main.c(84): error C202: 'disMiddle': undefined identifier
main.c(86): error C202: 'disMiddle': undefined identifier
main.c(89): error C202: 'disMiddle': undefined identifier
compiling hc04.c...
compiling delay.c...
compiling sg90.c...
compiling motor.c...
Target not created
Rebuild target 'Target 1'
assembling STARTUP.A51...
compiling main.c...
main.c(31): error C202: 'leftSpeed': undefined identifier
main.c(32): error C202: 'rightSpeed': undefined identifier
main.c(38): error C202: 'leftSpeed': undefined identifier
main.c(39): error C202: 'rightSpeed': undefined identifier
main.c(44): error C202: 'rightSpeed': undefined identifier
main.c(45): error C202: 'leftSpeed': undefined identifier
main.c(88): error C202: 'disMiddle': undefined identifier
main.c(90): error C202: 'disMiddle': undefined identifier
main.c(93): error C202: 'disMiddle': undefined identifier
main.c(155): error C141: syntax error near '}'
main.c(159): error C141: syntax error near '}'
main.c(163): error C141: syntax error near '}'
compiling hc04.c...
compiling delay.c...
compiling sg90.c...
compiling motor.c...
Target not created
Rebuild target 'Target 1'
assembling STARTUP.A51...
compiling main.c...
main.c(31): error C202: 'leftSpeed': undefined identifier
main.c(32): error C202: 'rightSpeed': undefined identifier
main.c(38): error C202: 'leftSpeed': undefined identifier
main.c(39): error C202: 'rightSpeed': undefined identifier
main.c(44): error C202: 'rightSpeed': undefined identifier
main.c(45): error C202: 'leftSpeed': undefined identifier
main.c(88): error C202: 'disMiddle': undefined identifier
main.c(90): error C202: 'disMiddle': undefined identifier
main.c(93): error C202: 'disMiddle': undefined identifier
compiling hc04.c...
compiling delay.c...
compiling sg90.c...
compiling motor.c...
Target not created
Rebuild target 'Target 1'
assembling STARTUP.A51...
compiling main.c...
main.c(91): error C202: 'disMiddle': undefined identifier
main.c(93): error C202: 'disMiddle': undefined identifier
main.c(96): error C202: 'disMiddle': undefined identifier
compiling hc04.c...
compiling delay.c...
compiling sg90.c...
compiling motor.c...
Target not created
Rebuild target 'Target 1'
assembling STARTUP.A51...
compiling main.c...
main.c(141): warning C280: 'disMiddle': unreferenced local variable
main.c(142): warning C280: 'disLeft': unreferenced local variable
main.c(143): warning C280: 'disRight': unreferenced local variable
compiling hc04.c...
compiling delay.c...
compiling sg90.c...
compiling motor.c...
linking...
*** WARNING L16: UNCALLED SEGMENT, IGNORED FOR OVERLAY PROCESS
    SEGMENT: ?PR?GENSUIMODE?MAIN
*** WARNING L1: UNRESOLVED EXTERNAL SYMBOL
    SYMBOL:  RIGHTSPEED
    MODULE:  main.obj (MAIN)
*** WARNING L1: UNRESOLVED EXTERNAL SYMBOL
    SYMBOL:  LEFTSPEED
    MODULE:  main.obj (MAIN)
*** WARNING L2: REFERENCE MADE TO UNRESOLVED EXTERNAL
    SYMBOL:  LEFTSPEED
    MODULE:  main.obj (MAIN)
    ADDRESS: 0427H
*** WARNING L2: REFERENCE MADE TO UNRESOLVED EXTERNAL
    SYMBOL:  RIGHTSPEED
    MODULE:  main.obj (MAIN)
    ADDRESS: 042AH
*** WARNING L2: REFERENCE MADE TO UNRESOLVED EXTERNAL
    SYMBOL:  LEFTSPEED
    MODULE:  main.obj (MAIN)
    ADDRESS: 0433H
*** WARNING L2: REFERENCE MADE TO UNRESOLVED EXTERNAL
    SYMBOL:  RIGHTSPEED
    MODULE:  main.obj (MAIN)
    ADDRESS: 0436H
*** WARNING L2: REFERENCE MADE TO UNRESOLVED EXTERNAL
    SYMBOL:  RIGHTSPEED
    MODULE:  main.obj (MAIN)
    ADDRESS: 043FH
*** WARNING L2: REFERENCE MADE TO UNRESOLVED EXTERNAL
    SYMBOL:  LEFTSPEED
    MODULE:  main.obj (MAIN)
    ADDRESS: 0442H
Program Size: data=43.0 xdata=0 code=1315
creating hex file from "build"...
"build" - 0 Error(s), 12 Warning(s).
Rebuild target 'Target 1'
assembling STARTUP.A51...
compiling main.c...
main.c(141): warning C280: 'disMiddle': unreferenced local variable
main.c(142): warning C280: 'disLeft': unreferenced local variable
main.c(143): warning C280: 'disRight': unreferenced local variable
compiling hc04.c...
compiling delay.c...
compiling sg90.c...
compiling motor.c...
linking...
*** WARNING L16: UNCALLED SEGMENT, IGNORED FOR OVERLAY PROCESS
    SEGMENT: ?PR?GENSUIMODE?MAIN
*** WARNING L1: UNRESOLVED EXTERNAL SYMBOL
    SYMBOL:  RIGHTSPEED
    MODULE:  main.obj (MAIN)
*** WARNING L1: UNRESOLVED EXTERNAL SYMBOL
    SYMBOL:  LEFTSPEED
    MODULE:  main.obj (MAIN)
*** WARNING L2: REFERENCE MADE TO UNRESOLVED EXTERNAL
    SYMBOL:  LEFTSPEED
    MODULE:  main.obj (MAIN)
    ADDRESS: 0427H
*** WARNING L2: REFERENCE MADE TO UNRESOLVED EXTERNAL
    SYMBOL:  RIGHTSPEED
    MODULE:  main.obj (MAIN)
    ADDRESS: 042AH
*** WARNING L2: REFERENCE MADE TO UNRESOLVED EXTERNAL
    SYMBOL:  LEFTSPEED
    MODULE:  main.obj (MAIN)
    ADDRESS: 0433H
*** WARNING L2: REFERENCE MADE TO UNRESOLVED EXTERNAL
    SYMBOL:  RIGHTSPEED
    MODULE:  main.obj (MAIN)
    ADDRESS: 0436H
*** WARNING L2: REFERENCE MADE TO UNRESOLVED EXTERNAL
    SYMBOL:  RIGHTSPEED
    MODULE:  main.obj (MAIN)
    ADDRESS: 043FH
*** WARNING L2: REFERENCE MADE TO UNRESOLVED EXTERNAL
    SYMBOL:  LEFTSPEED
    MODULE:  main.obj (MAIN)
    ADDRESS: 0442H
Program Size: data=43.0 xdata=0 code=1315
creating hex file from "build"...
"build" - 0 Error(s), 12 Warning(s).
Rebuild target 'Target 1'
assembling STARTUP.A51...
compiling main.c...
main.c(154): warning C206: 'Oled_Init': missing function-prototype
main.c(155): warning C206: 'Oled_Clear': missing function-prototype
main.c(156): warning C206: 'Oled_Show_Str': missing function-prototype
main.c(156): error C267: 'Oled_Show_Str': requires ANSI-style prototype
main.c(162): error C202: 'mark': undefined identifier
main.c(170): error C202: 'mark': undefined identifier
main.c(178): error C202: 'mark': undefined identifier
compiling hc04.c...
compiling delay.c...
compiling sg90.c...
compiling motor.c...
Target not created
Rebuild target 'Target 1'
assembling STARTUP.A51...
compiling main.c...
main.c(154): warning C206: 'Oled_Init': missing function-prototype
main.c(155): warning C206: 'Oled_Clear': missing function-prototype
main.c(156): warning C206: 'Oled_Show_Str': missing function-prototype
main.c(156): error C267: 'Oled_Show_Str': requires ANSI-style prototype
compiling hc04.c...
compiling delay.c...
compiling sg90.c...
compiling motor.c...
Target not created
Rebuild target 'Target 1'
assembling STARTUP.A51...
compiling main.c...
main.c(6): warning C318: can't open file 'Oled.h'
main.c(155): warning C206: 'Oled_Init': missing function-prototype
main.c(156): warning C206: 'Oled_Clear': missing function-prototype
main.c(157): warning C206: 'Oled_Show_Str': missing function-prototype
main.c(157): error C267: 'Oled_Show_Str': requires ANSI-style prototype
compiling hc04.c...
compiling delay.c...
compiling sg90.c...
compiling motor.c...
Target not created
Rebuild target 'Target 1'
assembling STARTUP.A51...
compiling main.c...
main.c(6): warning C318: can't open file 'OLED.h'
main.c(155): warning C206: 'Oled_Init': missing function-prototype
main.c(156): warning C206: 'Oled_Clear': missing function-prototype
main.c(157): warning C206: 'Oled_Show_Str': missing function-prototype
main.c(157): error C267: 'Oled_Show_Str': requires ANSI-style prototype
compiling hc04.c...
compiling delay.c...
compiling sg90.c...
compiling motor.c...
Target not created
Rebuild target 'Target 1'
assembling STARTUP.A51...
compiling main.c...
compiling hc04.c...
compiling delay.c...
compiling sg90.c...
compiling motor.c...
compiling OLED.c...
linking...
*** WARNING L16: UNCALLED SEGMENT, IGNORED FOR OVERLAY PROCESS
    SEGMENT: ?PR?GENSUIMODE?MAIN
*** WARNING L1: UNRESOLVED EXTERNAL SYMBOL
    SYMBOL:  RIGHTSPEED
    MODULE:  main.obj (MAIN)
*** WARNING L1: UNRESOLVED EXTERNAL SYMBOL
    SYMBOL:  LEFTSPEED
    MODULE:  main.obj (MAIN)
*** WARNING L2: REFERENCE MADE TO UNRESOLVED EXTERNAL
    SYMBOL:  LEFTSPEED
    MODULE:  main.obj (MAIN)
    ADDRESS: 0C70H
*** WARNING L2: REFERENCE MADE TO UNRESOLVED EXTERNAL
    SYMBOL:  RIGHTSPEED
    MODULE:  main.obj (MAIN)
    ADDRESS: 0C73H
*** WARNING L2: REFERENCE MADE TO UNRESOLVED EXTERNAL
    SYMBOL:  LEFTSPEED
    MODULE:  main.obj (MAIN)
    ADDRESS: 0C7CH
*** WARNING L2: REFERENCE MADE TO UNRESOLVED EXTERNAL
    SYMBOL:  RIGHTSPEED
    MODULE:  main.obj (MAIN)
    ADDRESS: 0C7FH
*** WARNING L2: REFERENCE MADE TO UNRESOLVED EXTERNAL
    SYMBOL:  RIGHTSPEED
    MODULE:  main.obj (MAIN)
    ADDRESS: 0C88H
*** WARNING L2: REFERENCE MADE TO UNRESOLVED EXTERNAL
    SYMBOL:  LEFTSPEED
    MODULE:  main.obj (MAIN)
    ADDRESS: 0C8BH
Program Size: data=35.0 xdata=0 code=3614
creating hex file from "build"...
"build" - 0 Error(s), 9 Warning(s).
Rebuild target 'Target 1'
assembling STARTUP.A51...
compiling main.c...
main.c(38): error C202: 'leftSpeed': undefined identifier
main.c(39): error C202: 'rightSpeed': undefined identifier
main.c(45): error C202: 'leftSpeed': undefined identifier
main.c(46): error C202: 'rightSpeed': undefined identifier
main.c(51): error C202: 'rightSpeed': undefined identifier
main.c(52): error C202: 'leftSpeed': undefined identifier
compiling hc04.c...
compiling delay.c...
compiling sg90.c...
compiling motor.c...
compiling OLED.c...
Target not created
Rebuild target 'Target 1'
assembling STARTUP.A51...
compiling main.c...
main.c(39): error C202: 'leftSpeed': undefined identifier
main.c(40): error C202: 'rightSpeed': undefined identifier
main.c(46): error C202: 'leftSpeed': undefined identifier
main.c(47): error C202: 'rightSpeed': undefined identifier
main.c(52): error C202: 'rightSpeed': undefined identifier
main.c(53): error C202: 'leftSpeed': undefined identifier
compiling hc04.c...
compiling delay.c...
compiling sg90.c...
compiling motor.c...
compiling OLED.c...
compiling time.c...
time.c(58): warning C206: 'leftGoForward': missing function-prototype
time.c(60): warning C206: 'leftStop': missing function-prototype
time.c(81): warning C206: 'rightGoForward': missing function-prototype
time.c(83): warning C206: 'rightStop': missing function-prototype
Target not created
Rebuild target 'Target 1'
assembling STARTUP.A51...
compiling main.c...
main.c(39): error C202: 'leftSpeed': undefined identifier
main.c(40): error C202: 'rightSpeed': undefined identifier
main.c(46): error C202: 'leftSpeed': undefined identifier
main.c(47): error C202: 'rightSpeed': undefined identifier
main.c(52): error C202: 'rightSpeed': undefined identifier
main.c(53): error C202: 'leftSpeed': undefined identifier
compiling hc04.c...
compiling delay.c...
compiling sg90.c...
compiling motor.c...
compiling OLED.c...
compiling time.c...
time.c(58): warning C206: 'leftGoForward': missing function-prototype
time.c(60): warning C206: 'leftStop': missing function-prototype
time.c(81): warning C206: 'rightGoForward': missing function-prototype
time.c(83): warning C206: 'rightStop': missing function-prototype
Target not created
Rebuild target 'Target 1'
assembling STARTUP.A51...
compiling main.c...
main.c(39): error C202: 'leftSpeed': undefined identifier
main.c(40): error C202: 'rightSpeed': undefined identifier
main.c(46): error C202: 'leftSpeed': undefined identifier
main.c(47): error C202: 'rightSpeed': undefined identifier
main.c(52): error C202: 'rightSpeed': undefined identifier
main.c(53): error C202: 'leftSpeed': undefined identifier
compiling hc04.c...
compiling delay.c...
compiling sg90.c...
compiling motor.c...
compiling OLED.c...
Target not created
Rebuild target 'Target 1'
assembling STARTUP.A51...
compiling main.c...
main.c(51): warning C206: 'stop': missing function-prototype
compiling hc04.c...
compiling delay.c...
compiling sg90.c...
compiling motor.c...
compiling OLED.c...
linking...
*** WARNING L16: UNCALLED SEGMENT, IGNORED FOR OVERLAY PROCESS
    SEGMENT: ?PR?GENSUIMODE?MAIN
Program Size: data=35.0 xdata=0 code=3605
creating hex file from "build"...
"build" - 0 Error(s), 2 Warning(s).
Rebuild target 'Target 1'
assembling STARTUP.A51...
compiling main.c...
compiling hc04.c...
compiling delay.c...
compiling sg90.c...
compiling motor.c...
compiling OLED.c...
linking...
*** WARNING L16: UNCALLED SEGMENT, IGNORED FOR OVERLAY PROCESS
    SEGMENT: ?PR?GENSUIMODE?MAIN
Program Size: data=35.0 xdata=0 code=3605
creating hex file from "build"...
"build" - 0 Error(s), 1 Warning(s).
Rebuild target 'Target 1'
assembling STARTUP.A51...
compiling main.c...
compiling hc04.c...
compiling delay.c...
compiling sg90.c...
compiling motor.c...
compiling OLED.c...
linking...
Program Size: data=35.0 xdata=0 code=3605
creating hex file from "build"...
"build" - 0 Error(s), 0 Warning(s).
Rebuild target 'Target 1'
assembling STARTUP.A51...
compiling main.c...
compiling hc04.c...
compiling delay.c...
compiling sg90.c...
compiling motor.c...
compiling OLED.c...
linking...
Program Size: data=35.0 xdata=0 code=3605
creating hex file from "build"...
"build" - 0 Error(s), 0 Warning(s).
Rebuild target 'Target 1'
assembling STARTUP.A51...
compiling main.c...
compiling hc04.c...
compiling delay.c...
compiling sg90.c...
compiling motor.c...
compiling OLED.c...
linking...
Program Size: data=35.0 xdata=0 code=3605
creating hex file from "build"...
"build" - 0 Error(s), 0 Warning(s).
Rebuild target 'Target 1'
assembling STARTUP.A51...
compiling main.c...
main.c(145): warning C206: 'Delay300ms': missing function-prototype
compiling hc04.c...
compiling delay.c...
compiling sg90.c...
compiling motor.c...
compiling OLED.c...
linking...
*** WARNING L1: UNRESOLVED EXTERNAL SYMBOL
    SYMBOL:  DELAY300MS
    MODULE:  main.obj (MAIN)
*** WARNING L2: REFERENCE MADE TO UNRESOLVED EXTERNAL
    SYMBOL:  DELAY300MS
    MODULE:  main.obj (MAIN)
    ADDRESS: 09C3H
*** WARNING L2: REFERENCE MADE TO UNRESOLVED EXTERNAL
    SYMBOL:  DELAY300MS
    MODULE:  main.obj (MAIN)
    ADDRESS: 09C6H
Program Size: data=35.0 xdata=0 code=3607
creating hex file from "build"...
"build" - 0 Error(s), 4 Warning(s).
Build target 'Target 1'
compiling main.c...
linking...
Program Size: data=35.0 xdata=0 code=3613
creating hex file from "build"...
"build" - 0 Error(s), 0 Warning(s).
Rebuild target 'Target 1'
assembling STARTUP.A51...
compiling main.c...
main.c(168): error C202: 'GenSui': undefined identifier
main.c(172): error C202: 'GenSui': undefined identifier
main.c(177): error C202: 'BiZhang': undefined identifier
main.c(181): error C202: 'BiZhang': undefined identifier
compiling hc04.c...
compiling delay.c...
compiling sg90.c...
compiling motor.c...
compiling OLED.c...
Target not created
Rebuild target 'Target 1'
assembling STARTUP.A51...
compiling main.c...
main.c(186): error C141: syntax error near '}'
compiling hc04.c...
compiling delay.c...
compiling sg90.c...
compiling motor.c...
compiling OLED.c...
Target not created
Rebuild target 'Target 1'
assembling STARTUP.A51...
compiling main.c...
compiling hc04.c...
compiling delay.c...
compiling sg90.c...
compiling motor.c...
compiling OLED.c...
linking...
Program Size: data=35.0 xdata=0 code=3610
creating hex file from "build"...
"build" - 0 Error(s), 0 Warning(s).
Rebuild target 'Target 1'
assembling STARTUP.A51...
compiling main.c...
compiling hc04.c...
compiling delay.c...
compiling sg90.c...
compiling motor.c...
compiling OLED.c...
linking...
Program Size: data=35.0 xdata=0 code=3610
creating hex file from "build"...
"build" - 0 Error(s), 0 Warning(s).
Rebuild target 'Target 1'
assembling STARTUP.A51...
compiling main.c...
compiling hc04.c...
compiling delay.c...
compiling sg90.c...
compiling motor.c...
compiling OLED.c...
linking...
Program Size: data=35.0 xdata=0 code=3610
creating hex file from "build"...
"build" - 0 Error(s), 0 Warning(s).
Rebuild target 'Target 1'
assembling STARTUP.A51...
compiling main.c...
compiling hc04.c...
compiling delay.c...
compiling sg90.c...
compiling motor.c...
compiling OLED.c...
linking...
Program Size: data=35.0 xdata=0 code=3610
creating hex file from "build"...
"build" - 0 Error(s), 0 Warning(s).
