<html>
<body>
<pre>
<h1>Vision Build Log</h1>
<h2>Project:</h2>
D:\嵌入式开发学习\20.Smart car\14.wifi测速并本地显示的小车\template.uvproj
Project File Date:  03/15/2024

<h2>Output:</h2>
Rebuild target 'Target 1'
assembling STARTUP.A51...
compiling main.c...
main.c(9): warning C315: unknown #directive 'inclufe'
main.c(42): warning C206: 'initWifi_AP': missing function-prototype
main.c(44): warning C206: 'waitConnect': missing function-prototype
compiling motor.c...
compiling delay.c...
compiling uart.c...
uart.c(72): error C202: 'AT_OK_Flag': undefined identifier
uart.c(77): error C202: 'Client_Connect_Flag': undefined identifier
compiling time.c...
compiling OLED.c...
compiling esp8266.c...
esp8266.c(17): warning C206: 'SendString': missing function-prototype
esp8266.c(17): error C267: 'SendString': requires ANSI-style prototype
Target not created
Rebuild target 'Target 1'
assembling STARTUP.A51...
compiling main.c...
main.c(9): warning C315: unknown #directive 'inclufe'
main.c(42): warning C206: 'initWifi_AP': missing function-prototype
main.c(44): warning C206: 'waitConnect': missing function-prototype
compiling motor.c...
compiling delay.c...
compiling uart.c...
uart.c(72): error C202: 'AT_OK_Flag': undefined identifier
uart.c(77): error C202: 'Client_Connect_Flag': undefined identifier
compiling time.c...
compiling OLED.c...
compiling esp8266.c...
esp8266.c(20): warning C206: 'SendString': missing function-prototype
esp8266.c(20): error C267: 'SendString': requires ANSI-style prototype
Target not created
Rebuild target 'Target 1'
assembling STARTUP.A51...
compiling main.c...
main.c(9): warning C315: unknown #directive 'inclufe'
main.c(42): warning C206: 'initWifi_AP': missing function-prototype
main.c(44): warning C206: 'waitConnect': missing function-prototype
compiling motor.c...
compiling delay.c...
compiling uart.c...
uart.c(72): error C202: 'AT_OK_Flag': undefined identifier
uart.c(77): error C202: 'Client_Connect_Flag': undefined identifier
compiling time.c...
compiling OLED.c...
compiling esp8266.c...
Target not created
Rebuild target 'Target 1'
assembling STARTUP.A51...
compiling main.c...
main.c(9): warning C315: unknown #directive 'inclufe'
main.c(42): warning C206: 'initWifi_AP': missing function-prototype
main.c(44): warning C206: 'waitConnect': missing function-prototype
compiling motor.c...
compiling delay.c...
compiling uart.c...
compiling time.c...
compiling OLED.c...
compiling esp8266.c...
linking...
*** ERROR L104: MULTIPLE PUBLIC DEFINITIONS
    SYMBOL:  CLIENT_CONNECT_FLAG
    MODULE:  esp8266.obj (ESP8266)
*** ERROR L104: MULTIPLE PUBLIC DEFINITIONS
    SYMBOL:  AT_OK_FLAG
    MODULE:  esp8266.obj (ESP8266)
Program Size: data=80.1 xdata=0 code=3968
Target not created
Rebuild target 'Target 1'
assembling STARTUP.A51...
compiling main.c...
main.c(9): warning C315: unknown #directive 'inclufe'
main.c(42): warning C206: 'initWifi_AP': missing function-prototype
main.c(44): warning C206: 'waitConnect': missing function-prototype
compiling motor.c...
compiling delay.c...
compiling uart.c...
compiling time.c...
compiling OLED.c...
compiling esp8266.c...
linking...
*** ERROR L104: MULTIPLE PUBLIC DEFINITIONS
    SYMBOL:  CLIENT_CONNECT_FLAG
    MODULE:  esp8266.obj (ESP8266)
*** ERROR L104: MULTIPLE PUBLIC DEFINITIONS
    SYMBOL:  AT_OK_FLAG
    MODULE:  esp8266.obj (ESP8266)
Program Size: data=80.1 xdata=0 code=3968
Target not created
Rebuild target 'Target 1'
assembling STARTUP.A51...
compiling main.c...
compiling motor.c...
compiling delay.c...
compiling uart.c...
compiling time.c...
compiling OLED.c...
compiling esp8266.c...
linking...
*** ERROR L104: MULTIPLE PUBLIC DEFINITIONS
    SYMBOL:  CLIENT_CONNECT_FLAG
    MODULE:  esp8266.obj (ESP8266)
*** ERROR L104: MULTIPLE PUBLIC DEFINITIONS
    SYMBOL:  AT_OK_FLAG
    MODULE:  esp8266.obj (ESP8266)
Program Size: data=80.1 xdata=0 code=3968
Target not created
Rebuild target 'Target 1'
assembling STARTUP.A51...
compiling main.c...
compiling motor.c...
compiling delay.c...
compiling uart.c...
compiling time.c...
compiling OLED.c...
compiling esp8266.c...
linking...
Program Size: data=78.1 xdata=0 code=3962
creating hex file from "build"...
"build" - 0 Error(s), 0 Warning(s).
Rebuild target 'Target 1'
assembling STARTUP.A51...
compiling main.c...
main.c(56): warning C206: 'SendString': missing function-prototype
main.c(56): error C267: 'SendString': requires ANSI-style prototype
compiling motor.c...
compiling delay.c...
compiling uart.c...
compiling time.c...
compiling OLED.c...
compiling esp8266.c...
Target not created
Rebuild target 'Target 1'
assembling STARTUP.A51...
compiling main.c...
compiling motor.c...
compiling delay.c...
compiling uart.c...
compiling time.c...
compiling OLED.c...
compiling esp8266.c...
linking...
Program Size: data=95.1 xdata=0 code=3993
creating hex file from "build"...
"build" - 0 Error(s), 0 Warning(s).
Rebuild target 'Target 1'
assembling STARTUP.A51...
compiling main.c...
compiling motor.c...
compiling delay.c...
compiling uart.c...
compiling time.c...
compiling OLED.c...
compiling esp8266.c...
linking...
Program Size: data=95.1 xdata=0 code=3993
creating hex file from "build"...
"build" - 0 Error(s), 0 Warning(s).
Rebuild target 'Target 1'
assembling STARTUP.A51...
compiling main.c...
compiling motor.c...
compiling delay.c...
compiling uart.c...
compiling time.c...
compiling OLED.c...
compiling esp8266.c...
linking...
Program Size: data=96.1 xdata=0 code=3994
creating hex file from "build"...
"build" - 0 Error(s), 0 Warning(s).
Rebuild target 'Target 1'
assembling STARTUP.A51...
compiling main.c...
compiling motor.c...
compiling delay.c...
compiling uart.c...
compiling time.c...
compiling OLED.c...
compiling esp8266.c...
linking...
Program Size: data=96.1 xdata=0 code=3994
creating hex file from "build"...
"build" - 0 Error(s), 0 Warning(s).
Rebuild target 'Target 1'
assembling STARTUP.A51...
compiling main.c...
compiling motor.c...
compiling delay.c...
compiling uart.c...
compiling time.c...
compiling OLED.c...
compiling esp8266.c...
linking...
Program Size: data=96.1 xdata=0 code=3979
creating hex file from "build"...
"build" - 0 Error(s), 0 Warning(s).
Rebuild target 'Target 1'
assembling STARTUP.A51...
compiling main.c...
compiling motor.c...
compiling delay.c...
compiling uart.c...
compiling time.c...
compiling OLED.c...
compiling esp8266.c...
linking...
Program Size: data=96.1 xdata=0 code=3979
creating hex file from "build"...
"build" - 0 Error(s), 0 Warning(s).
